E:\CPP_WORKSPACE\AYATOOLS\AYATOOLS\DEBUG\AYATOOLS.PCH
E:\CPP_WORKSPACE\AYATOOLS\AYATOOLS\DEBUG\STDAFX.OBJ
E:\CPP_WORKSPACE\AYATOOLS\AYATOOLS\DEBUG\VC110.PDB
E:\CPP_WORKSPACE\AYATOOLS\AYATOOLS\DEBUG\AYATOOLS.OBJ
E:\CPP_WORKSPACE\AYATOOLS\AYATOOLS\DEBUG\AYATOOLSDLG.OBJ
E:\CPP_WORKSPACE\AYATOOLS\DEBUG\AYATOOLS.ILK
E:\CPP_WORKSPACE\AYATOOLS\DEBUG\AYATOOLS.EXE
E:\CPP_WORKSPACE\AYATOOLS\DEBUG\AYATOOLS.PDB
E:\CPP_WORKSPACE\AYATOOLS\AYATOOLS\DEBUG\AYATOOLS.RES
E:\cpp_workspace\AyaTools\AyaTools\Debug\AyaTools.obj
E:\cpp_workspace\AyaTools\AyaTools\Debug\AyaToolsDlg.obj
E:\cpp_workspace\AyaTools\AyaTools\Debug\stdafx.obj
E:\cpp_workspace\AyaTools\AyaTools\Debug\cl.command.1.tlog
E:\cpp_workspace\AyaTools\AyaTools\Debug\CL.read.1.tlog
E:\cpp_workspace\AyaTools\AyaTools\Debug\CL.write.1.tlog
E:\cpp_workspace\AyaTools\AyaTools\Debug\link-cvtres.read.1.tlog
E:\cpp_workspace\AyaTools\AyaTools\Debug\link-cvtres.write.1.tlog
E:\cpp_workspace\AyaTools\AyaTools\Debug\link-mt.read.1.tlog
E:\cpp_workspace\AyaTools\AyaTools\Debug\link-mt.write.1.tlog
E:\cpp_workspace\AyaTools\AyaTools\Debug\link-rc.read.1.tlog
E:\cpp_workspace\AyaTools\AyaTools\Debug\link-rc.write.1.tlog
E:\cpp_workspace\AyaTools\AyaTools\Debug\link.4408-cvtres.read.1.tlog
E:\cpp_workspace\AyaTools\AyaTools\Debug\link.4408-cvtres.write.1.tlog
E:\cpp_workspace\AyaTools\AyaTools\Debug\link.4408-mt.read.1.tlog
E:\cpp_workspace\AyaTools\AyaTools\Debug\link.4408-mt.write.1.tlog
E:\cpp_workspace\AyaTools\AyaTools\Debug\link.4408-rc.read.1.tlog
E:\cpp_workspace\AyaTools\AyaTools\Debug\link.4408-rc.write.1.tlog
E:\cpp_workspace\AyaTools\AyaTools\Debug\link.4408.read.1.tlog
E:\cpp_workspace\AyaTools\AyaTools\Debug\link.4408.write.1.tlog
E:\cpp_workspace\AyaTools\AyaTools\Debug\link.command.1.tlog
E:\cpp_workspace\AyaTools\AyaTools\Debug\link.read.1.tlog
E:\cpp_workspace\AyaTools\AyaTools\Debug\link.write.1.tlog
E:\cpp_workspace\AyaTools\AyaTools\Debug\rc.command.1.tlog
E:\cpp_workspace\AyaTools\AyaTools\Debug\rc.read.1.tlog
E:\cpp_workspace\AyaTools\AyaTools\Debug\rc.write.1.tlog
E:\cpp_workspace\AyaTools\AyaTools\Debug\AyaTools.res
E:\cpp_workspace\AyaTools\AyaTools\Debug\AyaTools.pch
E:\cpp_workspace\AyaTools\AyaTools\Debug\vc110.idb
E:\cpp_workspace\AyaTools\AyaTools\Debug\vc110.pdb
E:\cpp_workspace\AyaTools\Debug\AyaTools.pdb
E:\cpp_workspace\AyaTools\Debug\AyaTools.exe
E:\cpp_workspace\AyaTools\Debug\AyaTools.ilk
