E:\CPP_WORKSPACE\AYATOOLS\AYATOOLS\RELEASE\AYATOOLS.PCH
E:\CPP_WORKSPACE\AYATOOLS\AYATOOLS\RELEASE\STDAFX.OBJ
E:\CPP_WORKSPACE\AYATOOLS\AYATOOLS\RELEASE\VC110.PDB
E:\CPP_WORKSPACE\AYATOOLS\AYATOOLS\RELEASE\AYATOOLSDLG.OBJ
E:\CPP_WORKSPACE\AYATOOLS\AYATOOLS\RELEASE\AYATOOLS.OBJ
E:\CPP_WORKSPACE\AYATOOLS\AYATOOLS\RELEASE\FEATURECODE.OBJ
E:\CPP_WORKSPACE\AYATOOLS\RELEASE\AYATOOLS.EXE
E:\CPP_WORKSPACE\AYATOOLS\RELEASE\AYATOOLS.PDB
E:\CPP_WORKSPACE\AYATOOLS\AYATOOLS\RELEASE\AYATOOLS.RES
E:\cpp_workspace\AyaTools\AyaTools\Release\AyaTools.obj
E:\cpp_workspace\AyaTools\AyaTools\Release\AyaToolsDlg.obj
E:\cpp_workspace\AyaTools\AyaTools\Release\FeatureCode.obj
E:\cpp_workspace\AyaTools\AyaTools\Release\stdafx.obj
E:\cpp_workspace\AyaTools\AyaTools\Release\cl.command.1.tlog
E:\cpp_workspace\AyaTools\AyaTools\Release\CL.read.1.tlog
E:\cpp_workspace\AyaTools\AyaTools\Release\CL.write.1.tlog
E:\cpp_workspace\AyaTools\AyaTools\Release\link-cvtres.read.1.tlog
E:\cpp_workspace\AyaTools\AyaTools\Release\link-cvtres.write.1.tlog
E:\cpp_workspace\AyaTools\AyaTools\Release\link-mt.read.1.tlog
E:\cpp_workspace\AyaTools\AyaTools\Release\link-mt.write.1.tlog
E:\cpp_workspace\AyaTools\AyaTools\Release\link-rc.read.1.tlog
E:\cpp_workspace\AyaTools\AyaTools\Release\link-rc.write.1.tlog
E:\cpp_workspace\AyaTools\AyaTools\Release\link.command.1.tlog
E:\cpp_workspace\AyaTools\AyaTools\Release\link.read.1.tlog
E:\cpp_workspace\AyaTools\AyaTools\Release\link.read.3.tlog
E:\cpp_workspace\AyaTools\AyaTools\Release\link.read.5.tlog
E:\cpp_workspace\AyaTools\AyaTools\Release\link.write.1.tlog
E:\cpp_workspace\AyaTools\AyaTools\Release\rc.command.1.tlog
E:\cpp_workspace\AyaTools\AyaTools\Release\rc.read.1.tlog
E:\cpp_workspace\AyaTools\AyaTools\Release\rc.write.1.tlog
E:\cpp_workspace\AyaTools\AyaTools\Release\AyaTools.res
E:\cpp_workspace\AyaTools\AyaTools\Release\AyaTools.pch
E:\cpp_workspace\AyaTools\AyaTools\Release\vc110.pdb
E:\cpp_workspace\AyaTools\Release\AyaTools.pdb
E:\cpp_workspace\AyaTools\Release\AyaTools.exe
